Fecha: 2025-07-19 14:21:15
Archivo: /Applications/MAMP/htdocs/AdminRepuestosNazca/modelo/BaseModel.php
Línea: 34
Mensaje: You have an error in your SQL syntax; check the manual that corresponds to your MySQL server version for the right syntax to use near ' , '',
            '', ''
        )' at line 11

Fecha: 2025-07-19 14:21:15
Archivo: /Applications/MAMP/htdocs/AdminRepuestosNazca/modelo/BaseModel.php
Línea: 34
Mensaje: You have an error in your SQL syntax; check the manual that corresponds to your MySQL server version for the right syntax to use near ' , '',
            '', ''
        )' at line 11

Fecha: 2025-07-19 14:34:29
Archivo: /Applications/MAMP/htdocs/AdminRepuestosNazca/modelo/BaseModel.php
Línea: 34
Mensaje: You have an error in your SQL syntax; check the manual that corresponds to your MySQL server version for the right syntax to use near ' , '',
            '', ''
        )' at line 11

Fecha: 2025-07-19 15:14:37
Archivo: /Applications/MAMP/htdocs/AdminRepuestosNazca/modelo/BaseModel.php
Línea: 34
Mensaje: You have an error in your SQL syntax; check the manual that corresponds to your MySQL server version for the right syntax to use near ' 1, '',
        'ACTIVO', 'HABIDO'
    )' at line 11

Fecha: 2025-07-19 15:14:39
Archivo: /Applications/MAMP/htdocs/AdminRepuestosNazca/modelo/BaseModel.php
Línea: 34
Mensaje: You have an error in your SQL syntax; check the manual that corresponds to your MySQL server version for the right syntax to use near ' 1, '',
        'ACTIVO', 'HABIDO'
    )' at line 11

Fecha: 2025-07-19 15:14:40
Archivo: /Applications/MAMP/htdocs/AdminRepuestosNazca/modelo/BaseModel.php
Línea: 34
Mensaje: You have an error in your SQL syntax; check the manual that corresponds to your MySQL server version for the right syntax to use near ' 1, '',
        'ACTIVO', 'HABIDO'
    )' at line 11

Fecha: 2025-07-19 15:14:40
Archivo: /Applications/MAMP/htdocs/AdminRepuestosNazca/modelo/BaseModel.php
Línea: 34
Mensaje: You have an error in your SQL syntax; check the manual that corresponds to your MySQL server version for the right syntax to use near ' 1, '',
        'ACTIVO', 'HABIDO'
    )' at line 11

Fecha: 2025-07-19 15:14:40
Archivo: /Applications/MAMP/htdocs/AdminRepuestosNazca/modelo/BaseModel.php
Línea: 34
Mensaje: You have an error in your SQL syntax; check the manual that corresponds to your MySQL server version for the right syntax to use near ' 1, '',
        'ACTIVO', 'HABIDO'
    )' at line 11

Fecha: 2025-07-19 15:14:40
Archivo: /Applications/MAMP/htdocs/AdminRepuestosNazca/modelo/BaseModel.php
Línea: 34
Mensaje: You have an error in your SQL syntax; check the manual that corresponds to your MySQL server version for the right syntax to use near ' 1, '',
        'ACTIVO', 'HABIDO'
    )' at line 11

Fecha: 2025-07-19 15:14:40
Archivo: /Applications/MAMP/htdocs/AdminRepuestosNazca/modelo/BaseModel.php
Línea: 34
Mensaje: You have an error in your SQL syntax; check the manual that corresponds to your MySQL server version for the right syntax to use near ' 1, '',
        'ACTIVO', 'HABIDO'
    )' at line 11

Fecha: 2025-07-19 15:14:40
Archivo: /Applications/MAMP/htdocs/AdminRepuestosNazca/modelo/BaseModel.php
Línea: 34
Mensaje: You have an error in your SQL syntax; check the manual that corresponds to your MySQL server version for the right syntax to use near ' 1, '',
        'ACTIVO', 'HABIDO'
    )' at line 11

Fecha: 2025-07-19 15:14:41
Archivo: /Applications/MAMP/htdocs/AdminRepuestosNazca/modelo/BaseModel.php
Línea: 34
Mensaje: You have an error in your SQL syntax; check the manual that corresponds to your MySQL server version for the right syntax to use near ' 1, '',
        'ACTIVO', 'HABIDO'
    )' at line 11

Fecha: 2025-07-19 15:14:41
Archivo: /Applications/MAMP/htdocs/AdminRepuestosNazca/modelo/BaseModel.php
Línea: 34
Mensaje: You have an error in your SQL syntax; check the manual that corresponds to your MySQL server version for the right syntax to use near ' 1, '',
        'ACTIVO', 'HABIDO'
    )' at line 11

Fecha: 2025-07-19 15:30:58
Archivo: /Applications/MAMP/htdocs/AdminRepuestosNazca/modelo/BaseModel.php
Línea: 34
Mensaje: You have an error in your SQL syntax; check the manual that corresponds to your MySQL server version for the right syntax to use near ' 1, '',
        'ACTIVO', 'HABIDO'
    )' at line 11

Fecha: 2025-07-19 23:02:23
Archivo: /Applications/MAMP/htdocs/AdminRepuestosNazca/modelo/BaseModel.php
Línea: 34
Mensaje: Duplicate entry '6-20601782597' for key 'uk_doc_unico'

Fecha: 2025-07-19 23:53:54
Archivo: /Applications/MAMP/htdocs/AdminRepuestosNazca/modelo/BaseModel.php
Línea: 13
Mensaje: Unknown column 'id_doc_identificacion' in 'field list'

Fecha: 2025-07-19 23:53:54
Archivo: /Applications/MAMP/htdocs/AdminRepuestosNazca/modelo/BaseModel.php
Línea: 13
Mensaje: Unknown column 'c.id_doc_identificacion' in 'on clause'

Fecha: 2025-07-19 23:56:00
Archivo: /Applications/MAMP/htdocs/AdminRepuestosNazca/modelo/BaseModel.php
Línea: 13
Mensaje: Unknown column 'c.id_doc_identificacion' in 'on clause'

Fecha: 2025-07-20 00:04:43
Archivo: /Applications/MAMP/htdocs/AdminRepuestosNazca/modelo/BaseModel.php
Línea: 13
Mensaje: Unknown column 'c.id_doc_identificacion' in 'on clause'

Fecha: 2025-07-20 00:04:59
Archivo: /Applications/MAMP/htdocs/AdminRepuestosNazca/modelo/BaseModel.php
Línea: 13
Mensaje: Unknown column 'c.id_doc_identificacion' in 'on clause'

Fecha: 2025-07-20 00:05:21
Archivo: /Applications/MAMP/htdocs/AdminRepuestosNazca/modelo/BaseModel.php
Línea: 13
Mensaje: Unknown column 'c.id_doc_identificacion' in 'on clause'

Fecha: 2025-07-20 00:05:43
Archivo: /Applications/MAMP/htdocs/AdminRepuestosNazca/modelo/BaseModel.php
Línea: 13
Mensaje: Unknown column 'id_doc_identificacion' in 'where clause'

Fecha: 2025-07-20 00:11:58
Archivo: /Applications/MAMP/htdocs/AdminRepuestosNazca/modelo/BaseModel.php
Línea: 13
Mensaje: Unknown column 'd.id_doc_identificacion' in 'on clause'

Fecha: 2025-07-20 00:12:40
Archivo: /Applications/MAMP/htdocs/AdminRepuestosNazca/modelo/BaseModel.php
Línea: 13
Mensaje: Unknown column 'd.id_doc_identificacion' in 'on clause'

Fecha: 2025-07-20 00:14:03
Archivo: /Applications/MAMP/htdocs/AdminRepuestosNazca/modelo/BaseModel.php
Línea: 13
Mensaje: Unknown column 'd.id_doc_identificacion' in 'on clause'

Fecha: 2025-07-20 07:01:57
Archivo: /Applications/MAMP/htdocs/AdminRepuestosNazca/modelo/BaseModel.php
Línea: 46
Mensaje: You have an error in your SQL syntax; check the manual that corresponds to your MySQL server version for the right syntax to use near '
        nro_documento = '',
        razon_social = '',
        nombre_comercial' at line 2

Fecha: 2025-07-22 14:42:48
Archivo: /Applications/MAMP/htdocs/AdminRepuestosNazca/modelo/BaseModel.php
Línea: 13
Mensaje: Unknown column 's.nombre_sede' in 'field list'

Fecha: 2025-07-22 14:42:49
Archivo: /Applications/MAMP/htdocs/AdminRepuestosNazca/modelo/BaseModel.php
Línea: 13
Mensaje: Unknown column 's.nombre_sede' in 'field list'

Fecha: 2025-07-25 06:02:36
Archivo: /Applications/MAMP/htdocs/AdminRepuestosNazca/modelo/BaseModel.php
Línea: 13
Mensaje: Expression #2 of ORDER BY clause is not in GROUP BY clause and contains nonaggregated column 'bdrepuestosnazca.categoriaProductos.nombre_especifico' which is not functionally dependent on columns in GROUP BY clause; this is incompatible with sql_mode=only_full_group_by

Fecha: 2025-07-25 06:03:45
Archivo: /Applications/MAMP/htdocs/AdminRepuestosNazca/modelo/BaseModel.php
Línea: 13
Mensaje: Expression #2 of ORDER BY clause is not in GROUP BY clause and contains nonaggregated column 'bdrepuestosnazca.categoriaProductos.nombre_especifico' which is not functionally dependent on columns in GROUP BY clause; this is incompatible with sql_mode=only_full_group_by

Fecha: 2025-07-25 22:17:17
Archivo: /Applications/MAMP/htdocs/AdminRepuestosNazca/modelo/BaseModel.php
Línea: 13
Mensaje: Unknown column 'pb.Estado' in 'where clause'

Fecha: 2025-07-25 22:18:31
Archivo: /Applications/MAMP/htdocs/AdminRepuestosNazca/modelo/BaseModel.php
Línea: 13
Mensaje: Unknown column 'pb.Estado' in 'where clause'

Fecha: 2025-07-25 22:19:13
Archivo: /Applications/MAMP/htdocs/AdminRepuestosNazca/modelo/BaseModel.php
Línea: 13
Mensaje: Unknown column 'pb.Estado' in 'where clause'

Fecha: 2025-07-25 22:20:42
Archivo: /Applications/MAMP/htdocs/AdminRepuestosNazca/modelo/BaseModel.php
Línea: 13
Mensaje: Unknown column 'pb.Estado' in 'where clause'

Fecha: 2025-07-25 22:22:02
Archivo: /Applications/MAMP/htdocs/AdminRepuestosNazca/modelo/BaseModel.php
Línea: 13
Mensaje: Unknown column 'pb.Estado' in 'where clause'

Fecha: 2025-07-25 22:30:35
Archivo: /Applications/MAMP/htdocs/AdminRepuestosNazca/modelo/BaseModel.php
Línea: 13
Mensaje: Unknown column 'pb.Estado' in 'where clause'

Fecha: 2025-07-25 22:30:37
Archivo: /Applications/MAMP/htdocs/AdminRepuestosNazca/modelo/BaseModel.php
Línea: 13
Mensaje: Unknown column 'pb.Estado' in 'where clause'

Fecha: 2025-07-25 22:31:22
Archivo: /Applications/MAMP/htdocs/AdminRepuestosNazca/modelo/BaseModel.php
Línea: 13
Mensaje: Unknown column 'pb.Estado' in 'where clause'

Fecha: 2025-07-25 22:32:31
Archivo: /Applications/MAMP/htdocs/AdminRepuestosNazca/modelo/BaseModel.php
Línea: 13
Mensaje: Unknown column 'pb.Estado' in 'where clause'

Fecha: 2025-07-25 22:33:38
Archivo: /Applications/MAMP/htdocs/AdminRepuestosNazca/modelo/BaseModel.php
Línea: 13
Mensaje: Unknown column 'pb.Estado' in 'where clause'

Fecha: 2025-07-25 22:55:21
Archivo: /Applications/MAMP/htdocs/AdminRepuestosNazca/modelo/BaseModel.php
Línea: 13
Mensaje: Unknown column 'pb.Estado' in 'where clause'

Fecha: 2025-07-25 23:03:00
Archivo: /Applications/MAMP/htdocs/AdminRepuestosNazca/modelo/BaseModel.php
Línea: 13
Mensaje: Unknown column 'pb.Estado' in 'where clause'

Fecha: 2025-07-25 23:04:01
Archivo: /Applications/MAMP/htdocs/AdminRepuestosNazca/modelo/BaseModel.php
Línea: 13
Mensaje: Unknown column 'pb.Estado' in 'where clause'

Fecha: 2025-07-25 23:04:31
Archivo: /Applications/MAMP/htdocs/AdminRepuestosNazca/modelo/BaseModel.php
Línea: 13
Mensaje: Unknown column 'pb.Estado' in 'where clause'

Fecha: 2025-07-25 23:04:47
Archivo: /Applications/MAMP/htdocs/AdminRepuestosNazca/modelo/BaseModel.php
Línea: 13
Mensaje: Unknown column 'pb.Estado' in 'where clause'

Fecha: 2025-07-25 23:05:02
Archivo: /Applications/MAMP/htdocs/AdminRepuestosNazca/modelo/BaseModel.php
Línea: 13
Mensaje: Unknown column 'pb.Estado' in 'where clause'

Fecha: 2025-07-25 23:06:22
Archivo: /Applications/MAMP/htdocs/AdminRepuestosNazca/modelo/BaseModel.php
Línea: 13
Mensaje: Unknown column 'pb.Estado' in 'where clause'

Fecha: 2025-07-25 23:31:50
Archivo: /Applications/MAMP/htdocs/AdminRepuestosNazca/modelo/BaseModel.php
Línea: 13
Mensaje: Unknown column 'pb.Estado' in 'where clause'

Fecha: 2025-07-25 23:32:11
Archivo: /Applications/MAMP/htdocs/AdminRepuestosNazca/modelo/BaseModel.php
Línea: 13
Mensaje: Unknown column 'pb.Estado' in 'where clause'

Fecha: 2025-07-25 23:32:23
Archivo: /Applications/MAMP/htdocs/AdminRepuestosNazca/modelo/BaseModel.php
Línea: 13
Mensaje: Unknown column 'pb.Estado' in 'where clause'

Fecha: 2025-07-25 23:33:37
Archivo: /Applications/MAMP/htdocs/AdminRepuestosNazca/modelo/BaseModel.php
Línea: 13
Mensaje: Unknown column 'pb.Estado' in 'where clause'

Fecha: 2025-07-25 23:33:55
Archivo: /Applications/MAMP/htdocs/AdminRepuestosNazca/modelo/BaseModel.php
Línea: 13
Mensaje: Unknown column 'pb.Estado' in 'where clause'

Fecha: 2025-07-25 23:34:23
Archivo: /Applications/MAMP/htdocs/AdminRepuestosNazca/modelo/BaseModel.php
Línea: 13
Mensaje: Unknown column 'pb.Estado' in 'where clause'

Fecha: 2025-07-25 23:34:24
Archivo: /Applications/MAMP/htdocs/AdminRepuestosNazca/modelo/BaseModel.php
Línea: 13
Mensaje: Unknown column 'pb.Estado' in 'where clause'

Fecha: 2025-07-25 23:36:15
Archivo: /Applications/MAMP/htdocs/AdminRepuestosNazca/modelo/BaseModel.php
Línea: 13
Mensaje: Unknown column 'pb.Estado' in 'where clause'

Fecha: 2025-07-28 05:57:48
Archivo: /Applications/MAMP/htdocs/AdminRepuestosNazca/modelo/BaseModel.php
Línea: 13
Mensaje: Unknown column 'pb.Estado' in 'where clause'

Fecha: 2025-07-28 06:17:49
Archivo: /Applications/MAMP/htdocs/AdminRepuestosNazca/modelo/BaseModel.php
Línea: 13
Mensaje: Unknown column 'pb.Estado' in 'where clause'

Fecha: 2025-07-28 21:30:26
Archivo: /Applications/MAMP/htdocs/AdminRepuestosNazca/modelo/BaseModel.php
Línea: 13
Mensaje: Unknown column 'pb.Estado' in 'where clause'

Fecha: 2025-07-29 00:06:56
Archivo: /Applications/MAMP/htdocs/AdminRepuestosNazca/modelo/BaseModel.php
Línea: 13
Mensaje: Unknown column 'pb.Estado' in 'where clause'

Fecha: 2025-07-29 00:32:17
Archivo: /Applications/MAMP/htdocs/AdminRepuestosNazca/modelo/BaseModel.php
Línea: 13
Mensaje: Unknown column 'pb.Estado' in 'where clause'

Fecha: 2025-07-29 00:32:22
Archivo: /Applications/MAMP/htdocs/AdminRepuestosNazca/modelo/BaseModel.php
Línea: 13
Mensaje: Unknown column 'pb.Estado' in 'where clause'

Fecha: 2025-07-29 00:32:23
Archivo: /Applications/MAMP/htdocs/AdminRepuestosNazca/modelo/BaseModel.php
Línea: 13
Mensaje: Unknown column 'pb.Estado' in 'where clause'

Fecha: 2025-07-29 00:32:24
Archivo: /Applications/MAMP/htdocs/AdminRepuestosNazca/modelo/BaseModel.php
Línea: 13
Mensaje: Unknown column 'pb.Estado' in 'where clause'

Fecha: 2025-07-29 00:32:26
Archivo: /Applications/MAMP/htdocs/AdminRepuestosNazca/modelo/BaseModel.php
Línea: 13
Mensaje: Unknown column 'pb.Estado' in 'where clause'

Fecha: 2025-07-29 00:32:26
Archivo: /Applications/MAMP/htdocs/AdminRepuestosNazca/modelo/BaseModel.php
Línea: 13
Mensaje: Unknown column 'pb.Estado' in 'where clause'

Fecha: 2025-07-29 00:38:50
Archivo: /Applications/MAMP/htdocs/AdminRepuestosNazca/modelo/BaseModel.php
Línea: 13
Mensaje: Unknown column 'pb.Estado' in 'where clause'

Fecha: 2025-07-29 00:38:51
Archivo: /Applications/MAMP/htdocs/AdminRepuestosNazca/modelo/BaseModel.php
Línea: 13
Mensaje: Unknown column 'pb.Estado' in 'where clause'

Fecha: 2025-07-29 00:40:29
Archivo: /Applications/MAMP/htdocs/AdminRepuestosNazca/modelo/BaseModel.php
Línea: 13
Mensaje: Unknown column 'pb.Estado' in 'where clause'

Fecha: 2025-07-29 00:40:30
Archivo: /Applications/MAMP/htdocs/AdminRepuestosNazca/modelo/BaseModel.php
Línea: 13
Mensaje: Unknown column 'pb.Estado' in 'where clause'

Fecha: 2025-07-29 00:40:46
Archivo: /Applications/MAMP/htdocs/AdminRepuestosNazca/modelo/BaseModel.php
Línea: 13
Mensaje: Unknown column 'pb.Estado' in 'where clause'

Fecha: 2025-07-29 00:43:12
Archivo: /Applications/MAMP/htdocs/AdminRepuestosNazca/modelo/BaseModel.php
Línea: 13
Mensaje: Unknown column 'pb.Estado' in 'where clause'

Fecha: 2025-07-29 00:43:13
Archivo: /Applications/MAMP/htdocs/AdminRepuestosNazca/modelo/BaseModel.php
Línea: 13
Mensaje: Unknown column 'pb.Estado' in 'where clause'

Fecha: 2025-07-29 00:44:34
Archivo: /Applications/MAMP/htdocs/AdminRepuestosNazca/modelo/BaseModel.php
Línea: 13
Mensaje: Unknown column 'pb.Estado' in 'where clause'

Fecha: 2025-07-29 00:44:36
Archivo: /Applications/MAMP/htdocs/AdminRepuestosNazca/modelo/BaseModel.php
Línea: 13
Mensaje: Unknown column 'pb.Estado' in 'where clause'

Fecha: 2025-07-29 06:04:03
Archivo: /Applications/MAMP/htdocs/AdminRepuestosNazca/modelo/BaseModel.php
Línea: 13
Mensaje: Unknown column 'pb.Estado' in 'where clause'

Fecha: 2025-07-29 06:17:12
Archivo: /Applications/MAMP/htdocs/AdminRepuestosNazca/modelo/BaseModel.php
Línea: 13
Mensaje: Unknown column 'pb.Estado' in 'where clause'

Fecha: 2025-07-29 06:17:39
Archivo: /Applications/MAMP/htdocs/AdminRepuestosNazca/modelo/BaseModel.php
Línea: 13
Mensaje: Unknown column 'pb.Estado' in 'where clause'

Fecha: 2025-07-29 06:17:58
Archivo: /Applications/MAMP/htdocs/AdminRepuestosNazca/modelo/BaseModel.php
Línea: 13
Mensaje: Unknown column 'pb.Estado' in 'where clause'

Fecha: 2025-07-29 06:36:07
Archivo: /Applications/MAMP/htdocs/AdminRepuestosNazca/modelo/BaseModel.php
Línea: 13
Mensaje: Unknown column 'pb.Estado' in 'where clause'

Fecha: 2025-07-29 06:36:36
Archivo: /Applications/MAMP/htdocs/AdminRepuestosNazca/modelo/BaseModel.php
Línea: 13
Mensaje: Unknown column 'pb.Estado' in 'where clause'

Fecha: 2025-07-29 07:03:20
Archivo: /Applications/MAMP/htdocs/AdminRepuestosNazca/modelo/BaseModel.php
Línea: 13
Mensaje: Unknown column 'pb.Estado' in 'where clause'

Fecha: 2025-07-29 07:03:21
Archivo: /Applications/MAMP/htdocs/AdminRepuestosNazca/modelo/BaseModel.php
Línea: 13
Mensaje: Unknown column 'pb.Estado' in 'where clause'

Fecha: 2025-07-29 07:04:59
Archivo: /Applications/MAMP/htdocs/AdminRepuestosNazca/modelo/BaseModel.php
Línea: 13
Mensaje: Unknown column 'pb.Estado' in 'where clause'

Fecha: 2025-07-29 07:05:01
Archivo: /Applications/MAMP/htdocs/AdminRepuestosNazca/modelo/BaseModel.php
Línea: 13
Mensaje: Unknown column 'pb.Estado' in 'where clause'

Fecha: 2025-07-29 07:05:07
Archivo: /Applications/MAMP/htdocs/AdminRepuestosNazca/modelo/BaseModel.php
Línea: 13
Mensaje: Unknown column 'pb.Estado' in 'where clause'

Fecha: 2025-07-29 07:07:01
Archivo: /Applications/MAMP/htdocs/AdminRepuestosNazca/modelo/BaseModel.php
Línea: 13
Mensaje: Unknown column 'pb.Estado' in 'where clause'

Fecha: 2025-07-29 07:07:03
Archivo: /Applications/MAMP/htdocs/AdminRepuestosNazca/modelo/BaseModel.php
Línea: 13
Mensaje: Unknown column 'pb.Estado' in 'where clause'

Fecha: 2025-07-29 07:29:09
Archivo: /Applications/MAMP/htdocs/AdminRepuestosNazca/modelo/BaseModel.php
Línea: 13
Mensaje: Unknown column 'pb.Estado' in 'where clause'

Fecha: 2025-07-29 08:01:39
Archivo: /Applications/MAMP/htdocs/AdminRepuestosNazca/modelo/BaseModel.php
Línea: 13
Mensaje: Unknown column 'pb.Estado' in 'where clause'

Fecha: 2025-07-29 08:01:41
Archivo: /Applications/MAMP/htdocs/AdminRepuestosNazca/modelo/BaseModel.php
Línea: 13
Mensaje: Unknown column 'pb.Estado' in 'where clause'

Fecha: 2025-07-29 08:03:20
Archivo: /Applications/MAMP/htdocs/AdminRepuestosNazca/modelo/BaseModel.php
Línea: 13
Mensaje: Unknown column 'pb.Estado' in 'where clause'

Fecha: 2025-07-29 08:03:23
Archivo: /Applications/MAMP/htdocs/AdminRepuestosNazca/modelo/BaseModel.php
Línea: 13
Mensaje: Unknown column 'pb.Estado' in 'where clause'

Fecha: 2025-07-30 01:55:32
Archivo: /Applications/MAMP/htdocs/AdminRepuestosNazca/modelo/BaseModel.php
Línea: 13
Mensaje: Unknown column 'pb.Estado' in 'where clause'

Fecha: 2025-07-30 02:00:55
Archivo: /Applications/MAMP/htdocs/AdminRepuestosNazca/modelo/BaseModel.php
Línea: 13
Mensaje: Unknown column 'pb.Estado' in 'where clause'

Fecha: 2025-07-30 02:03:15
Archivo: /Applications/MAMP/htdocs/AdminRepuestosNazca/modelo/BaseModel.php
Línea: 13
Mensaje: Unknown column 'pb.Estado' in 'where clause'

Fecha: 2025-07-30 02:22:23
Archivo: /Applications/MAMP/htdocs/AdminRepuestosNazca/modelo/BaseModel.php
Línea: 13
Mensaje: Unknown column 'pb.Estado' in 'where clause'

Fecha: 2025-07-30 02:22:29
Archivo: /Applications/MAMP/htdocs/AdminRepuestosNazca/modelo/BaseModel.php
Línea: 13
Mensaje: Unknown column 'pb.Estado' in 'where clause'

Fecha: 2025-07-30 02:23:58
Archivo: /Applications/MAMP/htdocs/AdminRepuestosNazca/modelo/BaseModel.php
Línea: 13
Mensaje: Unknown column 'pb.Estado' in 'where clause'

Fecha: 2025-07-30 02:23:59
Archivo: /Applications/MAMP/htdocs/AdminRepuestosNazca/modelo/BaseModel.php
Línea: 13
Mensaje: Unknown column 'pb.Estado' in 'where clause'

Fecha: 2025-07-30 02:24:20
Archivo: /Applications/MAMP/htdocs/AdminRepuestosNazca/modelo/BaseModel.php
Línea: 13
Mensaje: Unknown column 'pb.Estado' in 'where clause'

Fecha: 2025-07-30 02:24:22
Archivo: /Applications/MAMP/htdocs/AdminRepuestosNazca/modelo/BaseModel.php
Línea: 13
Mensaje: Unknown column 'pb.Estado' in 'where clause'

Fecha: 2025-07-30 02:25:18
Archivo: /Applications/MAMP/htdocs/AdminRepuestosNazca/modelo/BaseModel.php
Línea: 13
Mensaje: Unknown column 'pb.Estado' in 'where clause'

Fecha: 2025-07-30 02:25:20
Archivo: /Applications/MAMP/htdocs/AdminRepuestosNazca/modelo/BaseModel.php
Línea: 13
Mensaje: Unknown column 'pb.Estado' in 'where clause'

Fecha: 2025-07-30 02:25:23
Archivo: /Applications/MAMP/htdocs/AdminRepuestosNazca/modelo/BaseModel.php
Línea: 13
Mensaje: Unknown column 'pb.Estado' in 'where clause'

Fecha: 2025-07-30 02:25:27
Archivo: /Applications/MAMP/htdocs/AdminRepuestosNazca/modelo/BaseModel.php
Línea: 13
Mensaje: Unknown column 'pb.Estado' in 'where clause'

Fecha: 2025-07-30 02:26:51
Archivo: /Applications/MAMP/htdocs/AdminRepuestosNazca/modelo/BaseModel.php
Línea: 13
Mensaje: Unknown column 'pb.Estado' in 'where clause'

Fecha: 2025-07-30 02:26:54
Archivo: /Applications/MAMP/htdocs/AdminRepuestosNazca/modelo/BaseModel.php
Línea: 13
Mensaje: Unknown column 'pb.Estado' in 'where clause'

Fecha: 2025-07-30 02:26:57
Archivo: /Applications/MAMP/htdocs/AdminRepuestosNazca/modelo/BaseModel.php
Línea: 13
Mensaje: Unknown column 'pb.Estado' in 'where clause'

Fecha: 2025-07-30 04:04:06
Archivo: /Applications/MAMP/htdocs/AdminRepuestosNazca/modelo/BaseModel.php
Línea: 13
Mensaje: Unknown column 'pb.Estado' in 'where clause'

Fecha: 2025-07-30 04:08:48
Archivo: /Applications/MAMP/htdocs/AdminRepuestosNazca/modelo/BaseModel.php
Línea: 13
Mensaje: Unknown column 'pb.Estado' in 'where clause'

Fecha: 2025-07-30 04:09:30
Archivo: /Applications/MAMP/htdocs/AdminRepuestosNazca/modelo/BaseModel.php
Línea: 13
Mensaje: Unknown column 'pb.Estado' in 'where clause'

Fecha: 2025-07-30 04:46:14
Archivo: /Applications/MAMP/htdocs/AdminRepuestosNazca/modelo/BaseModel.php
Línea: 13
Mensaje: Unknown column 'pb.Estado' in 'where clause'

Fecha: 2025-07-30 04:58:33
Archivo: /Applications/MAMP/htdocs/AdminRepuestosNazca/modelo/BaseModel.php
Línea: 13
Mensaje: Unknown column 'pb.Estado' in 'where clause'

Fecha: 2025-07-30 04:58:34
Archivo: /Applications/MAMP/htdocs/AdminRepuestosNazca/modelo/BaseModel.php
Línea: 13
Mensaje: Unknown column 'pb.Estado' in 'where clause'

Fecha: 2025-07-30 04:58:53
Archivo: /Applications/MAMP/htdocs/AdminRepuestosNazca/modelo/BaseModel.php
Línea: 13
Mensaje: Unknown column 'pb.Estado' in 'where clause'

Fecha: 2025-07-30 04:59:17
Archivo: /Applications/MAMP/htdocs/AdminRepuestosNazca/modelo/BaseModel.php
Línea: 13
Mensaje: Unknown column 'pb.Estado' in 'where clause'

Fecha: 2025-07-30 05:00:19
Archivo: /Applications/MAMP/htdocs/AdminRepuestosNazca/modelo/BaseModel.php
Línea: 13
Mensaje: Unknown column 'pb.Estado' in 'where clause'

Fecha: 2025-07-30 05:00:49
Archivo: /Applications/MAMP/htdocs/AdminRepuestosNazca/modelo/BaseModel.php
Línea: 13
Mensaje: Unknown column 'pb.Estado' in 'where clause'

Fecha: 2025-07-30 05:15:59
Archivo: /Applications/MAMP/htdocs/AdminRepuestosNazca/modelo/BaseModel.php
Línea: 13
Mensaje: Unknown column 'pb.Estado' in 'where clause'

Fecha: 2025-07-30 05:16:02
Archivo: /Applications/MAMP/htdocs/AdminRepuestosNazca/modelo/BaseModel.php
Línea: 13
Mensaje: Unknown column 'pb.Estado' in 'where clause'

Fecha: 2025-07-30 05:22:36
Archivo: /Applications/MAMP/htdocs/AdminRepuestosNazca/modelo/BaseModel.php
Línea: 13
Mensaje: Unknown column 'pb.Estado' in 'where clause'

Fecha: 2025-07-30 05:22:38
Archivo: /Applications/MAMP/htdocs/AdminRepuestosNazca/modelo/BaseModel.php
Línea: 13
Mensaje: Unknown column 'pb.Estado' in 'where clause'

Fecha: 2025-07-30 05:23:53
Archivo: /Applications/MAMP/htdocs/AdminRepuestosNazca/modelo/BaseModel.php
Línea: 13
Mensaje: Unknown column 'pb.Estado' in 'where clause'

Fecha: 2025-07-30 05:26:31
Archivo: /Applications/MAMP/htdocs/AdminRepuestosNazca/modelo/BaseModel.php
Línea: 13
Mensaje: Unknown column 'pb.Estado' in 'where clause'

Fecha: 2025-07-30 23:37:31
Archivo: /Applications/MAMP/htdocs/AdminRepuestosNazca/modelo/BaseModel.php
Línea: 13
Mensaje: Unknown column 'pb.Estado' in 'where clause'

Fecha: 2025-07-31 00:42:58
Archivo: /Applications/MAMP/htdocs/AdminRepuestosNazca/modelo/BaseModel.php
Línea: 13
Mensaje: Unknown column 'pb.Estado' in 'where clause'

Fecha: 2025-07-31 00:47:17
Archivo: /Applications/MAMP/htdocs/AdminRepuestosNazca/modelo/BaseModel.php
Línea: 13
Mensaje: Unknown column 'pb.Estado' in 'where clause'

Fecha: 2025-07-31 01:06:54
Archivo: /Applications/MAMP/htdocs/AdminRepuestosNazca/modelo/BaseModel.php
Línea: 13
Mensaje: Unknown column 'pb.Estado' in 'where clause'

Fecha: 2025-07-31 17:56:29
Archivo: /Applications/MAMP/htdocs/AdminRepuestosNazca/modelo/BaseModel.php
Línea: 13
Mensaje: Unknown column 'pb.Estado' in 'where clause'

Fecha: 2025-07-31 17:56:34
Archivo: /Applications/MAMP/htdocs/AdminRepuestosNazca/modelo/BaseModel.php
Línea: 13
Mensaje: Unknown column 'pb.Estado' in 'where clause'

Fecha: 2025-07-31 17:56:36
Archivo: /Applications/MAMP/htdocs/AdminRepuestosNazca/modelo/BaseModel.php
Línea: 13
Mensaje: Unknown column 'pb.Estado' in 'where clause'

Fecha: 2025-07-31 17:57:00
Archivo: /Applications/MAMP/htdocs/AdminRepuestosNazca/modelo/BaseModel.php
Línea: 13
Mensaje: Unknown column 'pb.Estado' in 'where clause'

Fecha: 2025-07-31 17:57:01
Archivo: /Applications/MAMP/htdocs/AdminRepuestosNazca/modelo/BaseModel.php
Línea: 13
Mensaje: Unknown column 'pb.Estado' in 'where clause'

Fecha: 2025-07-31 17:58:43
Archivo: /Applications/MAMP/htdocs/AdminRepuestosNazca/modelo/BaseModel.php
Línea: 13
Mensaje: Unknown column 'pb.Estado' in 'where clause'

Fecha: 2025-07-31 17:58:43
Archivo: /Applications/MAMP/htdocs/AdminRepuestosNazca/modelo/BaseModel.php
Línea: 13
Mensaje: Unknown column 'pb.Estado' in 'where clause'

Fecha: 2025-07-31 17:58:44
Archivo: /Applications/MAMP/htdocs/AdminRepuestosNazca/modelo/BaseModel.php
Línea: 13
Mensaje: Unknown column 'pb.Estado' in 'where clause'

Fecha: 2025-07-31 17:58:44
Archivo: /Applications/MAMP/htdocs/AdminRepuestosNazca/modelo/BaseModel.php
Línea: 13
Mensaje: Unknown column 'pb.Estado' in 'where clause'

Fecha: 2025-07-31 17:58:45
Archivo: /Applications/MAMP/htdocs/AdminRepuestosNazca/modelo/BaseModel.php
Línea: 13
Mensaje: Unknown column 'pb.Estado' in 'where clause'

Fecha: 2025-07-31 17:58:47
Archivo: /Applications/MAMP/htdocs/AdminRepuestosNazca/modelo/BaseModel.php
Línea: 13
Mensaje: Unknown column 'pb.Estado' in 'where clause'

Fecha: 2025-07-31 17:58:48
Archivo: /Applications/MAMP/htdocs/AdminRepuestosNazca/modelo/BaseModel.php
Línea: 13
Mensaje: Unknown column 'pb.Estado' in 'where clause'

Fecha: 2025-07-31 17:58:56
Archivo: /Applications/MAMP/htdocs/AdminRepuestosNazca/modelo/BaseModel.php
Línea: 13
Mensaje: Unknown column 'pb.Estado' in 'where clause'

Fecha: 2025-07-31 17:58:57
Archivo: /Applications/MAMP/htdocs/AdminRepuestosNazca/modelo/BaseModel.php
Línea: 13
Mensaje: Unknown column 'pb.Estado' in 'where clause'

Fecha: 2025-07-31 17:59:06
Archivo: /Applications/MAMP/htdocs/AdminRepuestosNazca/modelo/BaseModel.php
Línea: 13
Mensaje: Unknown column 'pb.Estado' in 'where clause'

Fecha: 2025-07-31 17:59:07
Archivo: /Applications/MAMP/htdocs/AdminRepuestosNazca/modelo/BaseModel.php
Línea: 13
Mensaje: Unknown column 'pb.Estado' in 'where clause'

Fecha: 2025-07-31 17:59:46
Archivo: /Applications/MAMP/htdocs/AdminRepuestosNazca/modelo/BaseModel.php
Línea: 13
Mensaje: Unknown column 'pb.Estado' in 'where clause'

Fecha: 2025-07-31 18:00:19
Archivo: /Applications/MAMP/htdocs/AdminRepuestosNazca/modelo/BaseModel.php
Línea: 13
Mensaje: Unknown column 'pb.Estado' in 'where clause'

Fecha: 2025-07-31 20:26:40
Archivo: /Applications/MAMP/htdocs/AdminRepuestosNazca/modelo/BaseModel.php
Línea: 13
Mensaje: Unknown column 'pb.Estado' in 'where clause'

Fecha: 2025-07-31 20:35:26
Archivo: /Applications/MAMP/htdocs/AdminRepuestosNazca/modelo/BaseModel.php
Línea: 13
Mensaje: Unknown column 'pb.Estado' in 'where clause'

Fecha: 2025-08-01 00:37:01
Archivo: /Applications/MAMP/htdocs/AdminRepuestosNazca/modelo/BaseModel.php
Línea: 13
Mensaje: Unknown column 'pb.Estado' in 'where clause'

Fecha: 2025-08-01 22:11:25
Archivo: /Applications/MAMP/htdocs/AdminRepuestosNazca/modelo/BaseModel.php
Línea: 13
Mensaje: Unknown column 'pb.Estado' in 'where clause'

Fecha: 2025-08-02 03:38:22
Archivo: /Applications/MAMP/htdocs/AdminRepuestosNazca/modelo/BaseModel.php
Línea: 34
Mensaje: Duplicate entry 'pgcc92@gmail.com' for key 'email'

Fecha: 2025-08-02 05:07:00
Archivo: /Applications/MAMP/htdocs/AdminRepuestosNazca/modelo/BaseModel.php
Línea: 34
Mensaje: Duplicate entry 'pgcc92@gmail.com' for key 'email'

Fecha: 2025-08-02 15:48:08
Archivo: /Applications/MAMP/htdocs/AdminRepuestosNazca/modelo/BaseModel.php
Línea: 13
Mensaje: Unknown column 'pb.Estado' in 'where clause'

Fecha: 2025-08-02 15:48:26
Archivo: /Applications/MAMP/htdocs/AdminRepuestosNazca/modelo/BaseModel.php
Línea: 13
Mensaje: Unknown column 'pb.Estado' in 'where clause'

Fecha: 2025-08-03 02:02:34
Archivo: /Applications/MAMP/htdocs/AdminRepuestosNazca/modelo/BaseModel.php
Línea: 13
Mensaje: Unknown column 'pb.Estado' in 'where clause'

Fecha: 2025-08-03 17:45:28
Archivo: /Applications/MAMP/htdocs/AdminRepuestosNazca/modelo/BaseModel.php
Línea: 13
Mensaje: Unknown column 'pb.Estado' in 'where clause'

Fecha: 2025-08-03 17:45:32
Archivo: /Applications/MAMP/htdocs/AdminRepuestosNazca/modelo/BaseModel.php
Línea: 13
Mensaje: Unknown column 'pb.Estado' in 'where clause'

Fecha: 2025-08-03 17:49:32
Archivo: /Applications/MAMP/htdocs/AdminRepuestosNazca/modelo/BaseModel.php
Línea: 13
Mensaje: Unknown column 'pb.Estado' in 'where clause'

Fecha: 2025-08-03 21:32:39
Archivo: /Applications/MAMP/htdocs/AdminRepuestosNazca/modelo/BaseModel.php
Línea: 100
Mensaje: Table 'bdrepuestosnazca.tipo_documento' doesn't exist

Fecha: 2025-08-03 21:32:45
Archivo: /Applications/MAMP/htdocs/AdminRepuestosNazca/modelo/BaseModel.php
Línea: 100
Mensaje: Table 'bdrepuestosnazca.tipo_documento' doesn't exist

Fecha: 2025-08-04 23:38:43
Archivo: /Applications/MAMP/htdocs/AdminRepuestosNazca/modelo/BaseModel.php
Línea: 13
Mensaje: Unknown column 'pb.Estado' in 'where clause'

Fecha: 2025-08-04 23:40:36
Archivo: /Applications/MAMP/htdocs/AdminRepuestosNazca/modelo/BaseModel.php
Línea: 13
Mensaje: Unknown column 'pb.Estado' in 'where clause'

Fecha: 2025-08-04 23:40:42
Archivo: /Applications/MAMP/htdocs/AdminRepuestosNazca/modelo/BaseModel.php
Línea: 13
Mensaje: Unknown column 'pb.Estado' in 'where clause'

Fecha: 2025-08-07 15:40:46
Archivo: /Applications/MAMP/htdocs/AdminRepuestosNazca/modelo/BaseModel.php
Línea: 46
Mensaje: You have an error in your SQL syntax; check the manual that corresponds to your MySQL server version for the right syntax to use near '?, ?, ?, ?, 'Activo')' at line 2

Fecha: 2025-08-07 15:42:23
Archivo: /Applications/MAMP/htdocs/AdminRepuestosNazca/modelo/BaseModel.php
Línea: 46
Mensaje: You have an error in your SQL syntax; check the manual that corresponds to your MySQL server version for the right syntax to use near '?, ?, ?, ?, 'Activo')' at line 2

Fecha: 2025-08-07 15:46:36
Archivo: /Applications/MAMP/htdocs/AdminRepuestosNazca/modelo/BaseModel.php
Línea: 46
Mensaje: You have an error in your SQL syntax; check the manual that corresponds to your MySQL server version for the right syntax to use near '?, ?, ?, ?, ?)' at line 2

Fecha: 2025-08-07 19:11:32
Archivo: /Applications/MAMP/htdocs/AdminRepuestosNazca/modelo/BaseModel.php
Línea: 63
Mensaje: Data too long for column 'tipo_comprobante' at row 1

Fecha: 2025-08-07 19:15:13
Archivo: /Applications/MAMP/htdocs/AdminRepuestosNazca/modelo/BaseModel.php
Línea: 63
Mensaje: Data too long for column 'tipo_comprobante' at row 1

Fecha: 2025-08-07 19:15:44
Archivo: /Applications/MAMP/htdocs/AdminRepuestosNazca/modelo/BaseModel.php
Línea: 63
Mensaje: Data too long for column 'tipo_comprobante' at row 1

Fecha: 2025-08-11 16:40:16
Archivo: /Applications/MAMP/htdocs/AdminRepuestosNazca/modelo/BaseModel.php
Línea: 13
Mensaje: Unknown column 'pb.Estado' in 'where clause'

Fecha: 2025-08-11 16:42:33
Archivo: /Applications/MAMP/htdocs/AdminRepuestosNazca/modelo/BaseModel.php
Línea: 13
Mensaje: Unknown column 'pb.Estado' in 'where clause'

Fecha: 2025-08-11 16:47:52
Archivo: /Applications/MAMP/htdocs/AdminRepuestosNazca/modelo/BaseModel.php
Línea: 13
Mensaje: Unknown column 'pb.Estado' in 'where clause'

Fecha: 2025-08-11 16:47:57
Archivo: /Applications/MAMP/htdocs/AdminRepuestosNazca/modelo/BaseModel.php
Línea: 13
Mensaje: Unknown column 'pb.Estado' in 'where clause'

Fecha: 2025-08-11 16:49:18
Archivo: /Applications/MAMP/htdocs/AdminRepuestosNazca/modelo/BaseModel.php
Línea: 13
Mensaje: Unknown column 'pb.DescripcionCompleta' in 'where clause'

Fecha: 2025-08-11 16:49:51
Archivo: /Applications/MAMP/htdocs/AdminRepuestosNazca/modelo/BaseModel.php
Línea: 13
Mensaje: Unknown column 'pb.DescripcionCompleta' in 'order clause'

Fecha: 2025-08-11 16:50:09
Archivo: /Applications/MAMP/htdocs/AdminRepuestosNazca/modelo/BaseModel.php
Línea: 13
Mensaje: Unknown column 'pb.DescripcionCompleta' in 'order clause'

Fecha: 2025-08-11 16:50:33
Archivo: /Applications/MAMP/htdocs/AdminRepuestosNazca/modelo/BaseModel.php
Línea: 13
Mensaje: Unknown column 'pb.Estado' in 'where clause'

Fecha: 2025-08-11 18:09:09
Archivo: /Applications/MAMP/htdocs/AdminRepuestosNazca/modelo/BaseModel.php
Línea: 13
Mensaje: Unknown column 'pv.PrecioUnitario' in 'field list'

Fecha: 2025-08-11 18:09:38
Archivo: /Applications/MAMP/htdocs/AdminRepuestosNazca/modelo/BaseModel.php
Línea: 13
Mensaje: Unknown column 'pv.PrecioUnitario_Compra' in 'field list'

Fecha: 2025-08-18 23:14:27
Archivo: /Applications/MAMP/htdocs/AdminRepuestosNazca/modelo/BaseModel.php
Línea: 13
Mensaje: Unknown column 'pv.PrecioUnitario_Compra' in 'field list'

Fecha: 2025-08-18 23:16:44
Archivo: /Applications/MAMP/htdocs/AdminRepuestosNazca/modelo/BaseModel.php
Línea: 13
Mensaje: Unknown column 'pv.PrecioUnitario_Compra' in 'field list'

Fecha: 2025-08-19 19:35:00
Archivo: /Applications/MAMP/htdocs/AdminRepuestosNazca/modelo/BaseModel.php
Línea: 58
Mensaje: Unknown column 'subtota_compra' in 'field list'

Fecha: 2025-08-19 19:35:00
Archivo: /Applications/MAMP/htdocs/AdminRepuestosNazca/modelo/BaseModel.php
Línea: 58
Mensaje: Unknown column 'subtota_compra' in 'field list'

Fecha: 2025-09-17 20:59:59
Archivo: C:\xampp\htdocs\nazca-web\modelo\Conexion.php
Línea: 28
Mensaje: Error al conectar a la base de datos: Access denied for user 'pierre'@'localhost' (using password: YES)

